<?xml version="1.0" encoding="UTF-8"?>
<!-- Generated by org.testng.reporters.JUnitReportReporter -->
<testsuite hostname="LAPTOP-7RRGM5G1" failures="0" tests="6" name="testScenarios.TS01_Test_Scenarios" time="15.448" errors="0" timestamp="2023-03-08T16:35:57 IST" skipped="0">
  <testcase classname="testScenarios.TS01_Test_Scenarios" name="TC001_getverifyURL" time="6.975"/>
  <system-out/>
  <testcase classname="testScenarios.TS01_Test_Scenarios" name="TC002_get_plaintiff_defendant_information" time="4.130"/>
  <system-out/>
  <testcase classname="testScenarios.TS01_Test_Scenarios" name="TC003_fetchPlaintiffData" time="0.080"/>
  <system-out/>
  <testcase classname="testScenarios.TS01_Test_Scenarios" name="TC004_fetchDefendentData" time="0.265"/>
  <system-out/>
  <testcase classname="testScenarios.TS01_Test_Scenarios" name="TC005_storeDataExcel" time="0.766"/>
  <system-out/>
  <testcase classname="testScenarios.TS01_Test_Scenarios" name="TC006_navigateBackMainMenu" time="3.232"/>
  <system-out/>
</testsuite> <!-- testScenarios.TS01_Test_Scenarios -->
